<?xml version="1.0" encoding="UTF-8"?>
<!-- Generated by org.testng.reporters.JUnitReportReporter -->
<testsuite hostname="LPTIN-7KBQX93" failures="0" tests="1" name="com.StudentPortal.StudentTests.StudentsDCRCAPITests" time="3.856" errors="0" timestamp="2022-10-10T14:54:49 IST" skipped="0">
  <testcase classname="com.StudentPortal.StudentTests.StudentsDCRCAPITests" name="PlacestudentsintointernshipPosition" time="3.856"/>
</testsuite> <!-- com.StudentPortal.StudentTests.StudentsDCRCAPITests -->
