<?xml version="1.0" encoding="UTF-8"?>
<!-- Generated by org.testng.reporters.JUnitReportReporter -->
<testsuite skipped="0" hostname="178R3F3" name="com.StudentPortal.StudentTests.StudentTests_Batch1" tests="1" failures="0" timestamp="2022-07-25T08:48:25 EDT" time="190.967" errors="0">
  <testcase name="Addtaskstoastudent" time="190.967" classname="com.StudentPortal.StudentTests.StudentTests_Batch1"/>
</testsuite> <!-- com.StudentPortal.StudentTests.StudentTests_Batch1 -->
