<?xml version="1.0" encoding="UTF-8"?>
<!-- Generated by org.testng.reporters.JUnitReportReporter -->
<testsuite hostname="LPTIN-DG12GG3" failures="0" tests="1" name="com.StudentPortal.StudentTests.StudentTestExecution" time="228.151" errors="0" timestamp="2022-07-25T16:11:26 IST" skipped="0">
  <testcase classname="com.StudentPortal.StudentTests.StudentTestExecution" name="TC163PlaceStudentsIntoJob" time="228.151"/>
</testsuite> <!-- com.StudentPortal.StudentTests.StudentTestExecution -->
