<?xml version="1.0" encoding="UTF-8"?>
<!-- Generated by org.testng.reporters.JUnitReportReporter -->
<testsuite hostname="LPTIN-DG12GG3" failures="0" tests="1" name="com.StudentPortal.StudentTests.DCRC_Demo" time="53.574" errors="0" timestamp="2022-09-20T12:50:01 IST" skipped="0">
  <testcase classname="com.StudentPortal.StudentTests.DCRC_Demo" name="TC879_Addtaskstoastudent" time="53.574"/>
</testsuite> <!-- com.StudentPortal.StudentTests.DCRC_Demo -->
