<?xml version="1.0" encoding="UTF-8"?>
<!-- Generated by org.testng.reporters.JUnitReportReporter -->
<testsuite skipped="0" hostname="178R3F3" name="com.StudentPortal.StudentTests.DCRC_Demo_API" tests="26" failures="0" timestamp="2022-08-30T12:50:38 EDT" time="32.240" errors="0">
  <testcase name="TC938_1_LedgerCardPostaCharge" time="0.791" classname="com.StudentPortal.StudentTests.DCRC_Demo_API"/>
  <testcase name="TC943_1_AddLettertoEmp" time="1.022" classname="com.StudentPortal.StudentTests.DCRC_Demo_API"/>
  <testcase name="TC831_StudentApplicationCreation" time="5.307" classname="com.StudentPortal.StudentTests.DCRC_Demo_API"/>
  <testcase name="TC835_TransferCredits" time="1.800" classname="com.StudentPortal.StudentTests.DCRC_Demo_API"/>
  <testcase name="TC938_1_LedgerCardPostaCharge" time="0.920" classname="com.StudentPortal.StudentTests.DCRC_Demo_API"/>
  <testcase name="TC879_Addtaskstoastudent" time="1.014" classname="com.StudentPortal.StudentTests.DCRC_Demo_API"/>
  <testcase name="TC879_Addtaskstoastudent" time="0.795" classname="com.StudentPortal.StudentTests.DCRC_Demo_API"/>
  <testcase name="TC835_TransferCredits" time="0.988" classname="com.StudentPortal.StudentTests.DCRC_Demo_API"/>
  <testcase name="TC879_Addtaskstoastudent" time="1.325" classname="com.StudentPortal.StudentTests.DCRC_Demo_API"/>
  <testcase name="TC835_TransferCredits" time="1.046" classname="com.StudentPortal.StudentTests.DCRC_Demo_API"/>
  <testcase name="TC938_1_LedgerCardPostaCharge" time="1.972" classname="com.StudentPortal.StudentTests.DCRC_Demo_API"/>
  <testcase name="AddDegreestoaStudent" time="0.548" classname="com.StudentPortal.StudentTests.DCRC_Demo_API"/>
  <testcase name="AddDegreestoaStudent" time="0.957" classname="com.StudentPortal.StudentTests.DCRC_Demo_API"/>
  <testcase name="AddDegreestoaStudent" time="1.882" classname="com.StudentPortal.StudentTests.DCRC_Demo_API"/>
  <testcase name="AddDegreestoaStudent" time="0.813" classname="com.StudentPortal.StudentTests.DCRC_Demo_API"/>
  <testcase name="AddDegreestoaStudent" time="0.652" classname="com.StudentPortal.StudentTests.DCRC_Demo_API"/>
  <testcase name="AddHonorstoaStudent" time="0.633" classname="com.StudentPortal.StudentTests.DCRC_Demo_API"/>
  <testcase name="AddHonorstoaStudent" time="0.624" classname="com.StudentPortal.StudentTests.DCRC_Demo_API"/>
  <testcase name="AddHonorstoaStudent" time="1.009" classname="com.StudentPortal.StudentTests.DCRC_Demo_API"/>
  <testcase name="AddHonorstoaStudent" time="0.781" classname="com.StudentPortal.StudentTests.DCRC_Demo_API"/>
  <testcase name="AddHonorstoaStudent" time="0.469" classname="com.StudentPortal.StudentTests.DCRC_Demo_API"/>
  <testcase name="TC894_Validatetheabilitytoaddnewemployers" time="1.944" classname="com.StudentPortal.StudentTests.DCRC_Demo_API"/>
  <testcase name="TC893_PlacestudentsintoanexternshipPosition" time="2.374" classname="com.StudentPortal.StudentTests.DCRC_Demo_API"/>
  <testcase name="SubsidiaryLedgerPostaCharge" time="0.806" classname="com.StudentPortal.StudentTests.DCRC_Demo_API"/>
  <testcase name="SubsidiaryLedgerPostaCharge" time="1.208" classname="com.StudentPortal.StudentTests.DCRC_Demo_API"/>
  <testcase name="SubsidiaryLedgerPostaCharge" time="0.560" classname="com.StudentPortal.StudentTests.DCRC_Demo_API"/>
</testsuite> <!-- com.StudentPortal.StudentTests.DCRC_Demo_API -->
