<?xml version="1.0" encoding="UTF-8"?>
<!-- Generated by org.testng.reporters.JUnitReportReporter -->
<testsuite skipped="0" hostname="178R3F3" name="com.StudentPortal.StudentTests.StudentLoginTest" tests="1" failures="0" timestamp="2022-07-25T08:40:10 EDT" time="242.332" errors="0">
  <testcase name="Abilitytoaddacoursesection" time="242.332" classname="com.StudentPortal.StudentTests.StudentLoginTest"/>
</testsuite> <!-- com.StudentPortal.StudentTests.StudentLoginTest -->
