<?xml version="1.0" encoding="UTF-8"?>
<!-- Generated by org.testng.reporters.JUnitReportReporter -->
<testsuite hostname="LPTIN-DG12GG3" failures="0" tests="1" name="com.StudentPortal.StudentTests.StudentLoginTest1" time="300.430" errors="0" timestamp="2022-07-25T16:01:02 IST" skipped="0">
  <testcase classname="com.StudentPortal.StudentTests.StudentLoginTest1" name="LedgerCardPostCharge" time="300.430"/>
</testsuite> <!-- com.StudentPortal.StudentTests.StudentLoginTest1 -->
