<?xml version="1.0" encoding="UTF-8"?>
<!-- Generated by org.testng.reporters.JUnitReportReporter -->
<testsuite skipped="1" hostname="178R3F3" name="com.StudentPortal.StudentTests.DCRC_Demo_UI" tests="1" failures="0" timestamp="2022-08-30T12:49:31 EDT" time="0.000" errors="0">
  <testcase name="TC898_Addanenrollmenttoastudent" time="0.000" classname="com.StudentPortal.StudentTests.DCRC_Demo_UI">
    <skipped/>
  </testcase> <!-- TC898_Addanenrollmenttoastudent -->
</testsuite> <!-- com.StudentPortal.StudentTests.DCRC_Demo_UI -->
